[debug] [2023-02-23T17:19:12.698Z] ----------------------------------------------------------------------
[debug] [2023-02-23T17:19:12.699Z] Command:       C:\Program Files\nodejs\node.exe C:\Users\Devesh\AppData\Roaming\npm\node_modules\firebase-tools\lib\bin\firebase.js deploy --only hosting
[debug] [2023-02-23T17:19:12.700Z] CLI Version:   11.23.1
[debug] [2023-02-23T17:19:12.700Z] Platform:      win32
[debug] [2023-02-23T17:19:12.701Z] Node Version:  v18.14.0
[debug] [2023-02-23T17:19:12.701Z] Time:          Thu Feb 23 2023 12:19:12 GMT-0500 (Eastern Standard Time)
[debug] [2023-02-23T17:19:12.702Z] ----------------------------------------------------------------------
[debug] 
[debug] [2023-02-23T17:19:12.757Z] > command requires scopes: ["email","openid","https://www.googleapis.com/auth/cloudplatformprojects.readonly","https://www.googleapis.com/auth/firebase","https://www.googleapis.com/auth/cloud-platform"]
[debug] [2023-02-23T17:19:12.757Z] > authorizing via signed-in user (deveshsen512@gmail.com)
[debug] [2023-02-23T17:19:12.757Z] [iam] checking project mypotfolio-96612 for permissions ["firebase.projects.get","firebasehosting.sites.update"]
[debug] [2023-02-23T17:19:12.759Z] >>> [apiv2][query] POST https://cloudresourcemanager.googleapis.com/v1/projects/mypotfolio-96612:testIamPermissions [none]
[debug] [2023-02-23T17:19:12.760Z] >>> [apiv2][(partial)header] POST https://cloudresourcemanager.googleapis.com/v1/projects/mypotfolio-96612:testIamPermissions x-goog-quota-user=projects/mypotfolio-96612
[debug] [2023-02-23T17:19:12.760Z] >>> [apiv2][body] POST https://cloudresourcemanager.googleapis.com/v1/projects/mypotfolio-96612:testIamPermissions {"permissions":["firebase.projects.get","firebasehosting.sites.update"]}
[debug] [2023-02-23T17:19:20.201Z] <<< [apiv2][status] POST https://cloudresourcemanager.googleapis.com/v1/projects/mypotfolio-96612:testIamPermissions 200
[debug] [2023-02-23T17:19:20.202Z] <<< [apiv2][body] POST https://cloudresourcemanager.googleapis.com/v1/projects/mypotfolio-96612:testIamPermissions {"permissions":["firebase.projects.get","firebasehosting.sites.update"]}
[debug] [2023-02-23T17:19:20.205Z] >>> [apiv2][query] GET https://firebase.googleapis.com/v1beta1/projects/mypotfolio-96612 [none]
[debug] [2023-02-23T17:19:25.892Z] <<< [apiv2][status] GET https://firebase.googleapis.com/v1beta1/projects/mypotfolio-96612 200
[debug] [2023-02-23T17:19:25.894Z] <<< [apiv2][body] GET https://firebase.googleapis.com/v1beta1/projects/mypotfolio-96612 {"projectId":"mypotfolio-96612","projectNumber":"54406352173","displayName":"MYPotfolio","name":"projects/mypotfolio-96612","resources":{"hostingSite":"mypotfolio-96612"},"state":"ACTIVE","etag":"1_2e41da81-6eb7-4c2a-a29e-80d498c54337"}
[info] 
[info] === Deploying to 'mypotfolio-96612'...
[info] 
[info] i  deploying hosting 
[debug] [2023-02-23T17:19:25.916Z] >>> [apiv2][query] POST https://firebasehosting.googleapis.com/v1beta1/projects/-/sites/mypotfolio-96612/versions [none]
[debug] [2023-02-23T17:19:25.916Z] >>> [apiv2][body] POST https://firebasehosting.googleapis.com/v1beta1/projects/-/sites/mypotfolio-96612/versions {"status":"CREATED","labels":{"deployment-tool":"cli-firebase"}}
[debug] [2023-02-23T17:19:28.470Z] <<< [apiv2][status] POST https://firebasehosting.googleapis.com/v1beta1/projects/-/sites/mypotfolio-96612/versions 200
[debug] [2023-02-23T17:19:28.470Z] <<< [apiv2][body] POST https://firebasehosting.googleapis.com/v1beta1/projects/-/sites/mypotfolio-96612/versions {"name":"projects/54406352173/sites/mypotfolio-96612/versions/ec2b5a0fe9e94373","status":"CREATED","config":{},"labels":{"deployment-tool":"cli-firebase"}}
[info] i  hosting[mypotfolio-96612]: beginning deploy... 
[info] i  hosting[mypotfolio-96612]: found 13 files in build 
[debug] [2023-02-23T17:19:32.850Z] [hosting] uploading with 200 concurrency
[debug] [2023-02-23T17:19:32.851Z] [hosting] hash cache [YnVpbGQ] not populated
[debug] [2023-02-23T17:19:32.989Z] [hosting] hash cache [YnVpbGQ] stored for 13 files
[debug] [2023-02-23T17:19:32.989Z] [hosting][hash queue][FINAL] {"max":125,"min":21,"avg":31.923076923076923,"active":0,"complete":13,"success":13,"errored":0,"retried":0,"total":13,"elapsed":136}
[debug] [2023-02-23T17:19:32.990Z] >>> [apiv2][query] POST https://firebasehosting.googleapis.com/v1beta1/projects/54406352173/sites/mypotfolio-96612/versions/ec2b5a0fe9e94373:populateFiles [none]
[debug] [2023-02-23T17:19:32.990Z] >>> [apiv2][body] POST https://firebasehosting.googleapis.com/v1beta1/projects/54406352173/sites/mypotfolio-96612/versions/ec2b5a0fe9e94373:populateFiles {"files":{"/asset-manifest.json":"62518cf53568b1dd8238c06115dd8f27db48aac068dc22918b1e3be3ef875323","/robots.txt":"bfe106a3fb878dc83461c86818bf74fc1bdc7f28538ba613cd3e775516ce8b49","/index.html":"6dc2ac867d8026fb3d1ea671092247335f88d99326f9687e5e2c8ebff8ed5aca","/favicon.ico":"eae62e993eb980ec8a25058c39d5a51feab118bd2100c4deebb2a9c158ec11f9","/manifest.json":"aff3449bdc238776f5d6d967f19ec491b36aed5fb7f23ccff6500736fd58494a","/logo512.png":"ee7e2f3fdb8209c4b6fd7bef6ba50d1b9dba30a25bb5c3126df057e1cb6f5331","/logo192.png":"3ee59515172ee198f3be375979df15ac5345183e656720a381b8872b2a39dc8b","/static/css/main.a11e7a4b.css":"559b5f681770903fc3a7ddda3250b51317af4d81516c705b4d41ee54b8a212dc","/static/css/main.a11e7a4b.css.map":"2cfe4a75e753fe66d69a87cf5e93abd21a0a4b6edaa7b745fa3ad525f213d271","/static/js/main.ffb4a61e.js.LICENSE.txt":"38423aead7c666c8648c7d6d75d6a983fa34b29af00dacde04d51b41625e8340","/img/dev.png":"f819513020da2b351c0f62a24856c684f03eb17e3519659d5f14062eb2df50e6","/static/js/main.ffb4a61e.js":"1ba0c41883cde30048aa14fb728483de8fe0a85d21d541e5adc589d9550e1de9","/static/js/main.ffb4a61e.js.map":"9967b9c4cde7108e681819a1cc1a3d2718ba823737324fb5943af6d86fcb9612"}}
[debug] [2023-02-23T17:19:35.221Z] <<< [apiv2][status] POST https://firebasehosting.googleapis.com/v1beta1/projects/54406352173/sites/mypotfolio-96612/versions/ec2b5a0fe9e94373:populateFiles 200
[debug] [2023-02-23T17:19:35.222Z] <<< [apiv2][body] POST https://firebasehosting.googleapis.com/v1beta1/projects/54406352173/sites/mypotfolio-96612/versions/ec2b5a0fe9e94373:populateFiles {"uploadRequiredHashes":["1ba0c41883cde30048aa14fb728483de8fe0a85d21d541e5adc589d9550e1de9","559b5f681770903fc3a7ddda3250b51317af4d81516c705b4d41ee54b8a212dc","f819513020da2b351c0f62a24856c684f03eb17e3519659d5f14062eb2df50e6","9967b9c4cde7108e681819a1cc1a3d2718ba823737324fb5943af6d86fcb9612","6dc2ac867d8026fb3d1ea671092247335f88d99326f9687e5e2c8ebff8ed5aca","aff3449bdc238776f5d6d967f19ec491b36aed5fb7f23ccff6500736fd58494a","62518cf53568b1dd8238c06115dd8f27db48aac068dc22918b1e3be3ef875323","eae62e993eb980ec8a25058c39d5a51feab118bd2100c4deebb2a9c158ec11f9","38423aead7c666c8648c7d6d75d6a983fa34b29af00dacde04d51b41625e8340","bfe106a3fb878dc83461c86818bf74fc1bdc7f28538ba613cd3e775516ce8b49","2cfe4a75e753fe66d69a87cf5e93abd21a0a4b6edaa7b745fa3ad525f213d271","ee7e2f3fdb8209c4b6fd7bef6ba50d1b9dba30a25bb5c3126df057e1cb6f5331","3ee59515172ee198f3be375979df15ac5345183e656720a381b8872b2a39dc8b"],"uploadUrl":"https://upload-firebasehosting.googleapis.com/upload/sites/mypotfolio-96612/versions/ec2b5a0fe9e94373/files"}
[debug] [2023-02-23T17:19:35.236Z] >>> [apiv2][query] POST https://upload-firebasehosting.googleapis.com/upload/sites/mypotfolio-96612/versions/ec2b5a0fe9e94373/files/1ba0c41883cde30048aa14fb728483de8fe0a85d21d541e5adc589d9550e1de9 [none]
[debug] [2023-02-23T17:19:35.236Z] >>> [apiv2][body] POST https://upload-firebasehosting.googleapis.com/upload/sites/mypotfolio-96612/versions/ec2b5a0fe9e94373/files/1ba0c41883cde30048aa14fb728483de8fe0a85d21d541e5adc589d9550e1de9 [stream]
[debug] [2023-02-23T17:19:35.241Z] >>> [apiv2][query] POST https://upload-firebasehosting.googleapis.com/upload/sites/mypotfolio-96612/versions/ec2b5a0fe9e94373/files/559b5f681770903fc3a7ddda3250b51317af4d81516c705b4d41ee54b8a212dc [none]
[debug] [2023-02-23T17:19:35.241Z] >>> [apiv2][body] POST https://upload-firebasehosting.googleapis.com/upload/sites/mypotfolio-96612/versions/ec2b5a0fe9e94373/files/559b5f681770903fc3a7ddda3250b51317af4d81516c705b4d41ee54b8a212dc [stream]
[debug] [2023-02-23T17:19:35.244Z] >>> [apiv2][query] POST https://upload-firebasehosting.googleapis.com/upload/sites/mypotfolio-96612/versions/ec2b5a0fe9e94373/files/f819513020da2b351c0f62a24856c684f03eb17e3519659d5f14062eb2df50e6 [none]
[debug] [2023-02-23T17:19:35.244Z] >>> [apiv2][body] POST https://upload-firebasehosting.googleapis.com/upload/sites/mypotfolio-96612/versions/ec2b5a0fe9e94373/files/f819513020da2b351c0f62a24856c684f03eb17e3519659d5f14062eb2df50e6 [stream]
[debug] [2023-02-23T17:19:35.246Z] >>> [apiv2][query] POST https://upload-firebasehosting.googleapis.com/upload/sites/mypotfolio-96612/versions/ec2b5a0fe9e94373/files/9967b9c4cde7108e681819a1cc1a3d2718ba823737324fb5943af6d86fcb9612 [none]
[debug] [2023-02-23T17:19:35.246Z] >>> [apiv2][body] POST https://upload-firebasehosting.googleapis.com/upload/sites/mypotfolio-96612/versions/ec2b5a0fe9e94373/files/9967b9c4cde7108e681819a1cc1a3d2718ba823737324fb5943af6d86fcb9612 [stream]
[debug] [2023-02-23T17:19:35.248Z] >>> [apiv2][query] POST https://upload-firebasehosting.googleapis.com/upload/sites/mypotfolio-96612/versions/ec2b5a0fe9e94373/files/6dc2ac867d8026fb3d1ea671092247335f88d99326f9687e5e2c8ebff8ed5aca [none]
[debug] [2023-02-23T17:19:35.248Z] >>> [apiv2][body] POST https://upload-firebasehosting.googleapis.com/upload/sites/mypotfolio-96612/versions/ec2b5a0fe9e94373/files/6dc2ac867d8026fb3d1ea671092247335f88d99326f9687e5e2c8ebff8ed5aca [stream]
[debug] [2023-02-23T17:19:35.250Z] >>> [apiv2][query] POST https://upload-firebasehosting.googleapis.com/upload/sites/mypotfolio-96612/versions/ec2b5a0fe9e94373/files/aff3449bdc238776f5d6d967f19ec491b36aed5fb7f23ccff6500736fd58494a [none]
[debug] [2023-02-23T17:19:35.251Z] >>> [apiv2][body] POST https://upload-firebasehosting.googleapis.com/upload/sites/mypotfolio-96612/versions/ec2b5a0fe9e94373/files/aff3449bdc238776f5d6d967f19ec491b36aed5fb7f23ccff6500736fd58494a [stream]
[debug] [2023-02-23T17:19:35.253Z] >>> [apiv2][query] POST https://upload-firebasehosting.googleapis.com/upload/sites/mypotfolio-96612/versions/ec2b5a0fe9e94373/files/62518cf53568b1dd8238c06115dd8f27db48aac068dc22918b1e3be3ef875323 [none]
[debug] [2023-02-23T17:19:35.253Z] >>> [apiv2][body] POST https://upload-firebasehosting.googleapis.com/upload/sites/mypotfolio-96612/versions/ec2b5a0fe9e94373/files/62518cf53568b1dd8238c06115dd8f27db48aac068dc22918b1e3be3ef875323 [stream]
[debug] [2023-02-23T17:19:35.255Z] >>> [apiv2][query] POST https://upload-firebasehosting.googleapis.com/upload/sites/mypotfolio-96612/versions/ec2b5a0fe9e94373/files/eae62e993eb980ec8a25058c39d5a51feab118bd2100c4deebb2a9c158ec11f9 [none]
[debug] [2023-02-23T17:19:35.255Z] >>> [apiv2][body] POST https://upload-firebasehosting.googleapis.com/upload/sites/mypotfolio-96612/versions/ec2b5a0fe9e94373/files/eae62e993eb980ec8a25058c39d5a51feab118bd2100c4deebb2a9c158ec11f9 [stream]
[debug] [2023-02-23T17:19:35.257Z] >>> [apiv2][query] POST https://upload-firebasehosting.googleapis.com/upload/sites/mypotfolio-96612/versions/ec2b5a0fe9e94373/files/38423aead7c666c8648c7d6d75d6a983fa34b29af00dacde04d51b41625e8340 [none]
[debug] [2023-02-23T17:19:35.257Z] >>> [apiv2][body] POST https://upload-firebasehosting.googleapis.com/upload/sites/mypotfolio-96612/versions/ec2b5a0fe9e94373/files/38423aead7c666c8648c7d6d75d6a983fa34b29af00dacde04d51b41625e8340 [stream]
[debug] [2023-02-23T17:19:35.259Z] >>> [apiv2][query] POST https://upload-firebasehosting.googleapis.com/upload/sites/mypotfolio-96612/versions/ec2b5a0fe9e94373/files/bfe106a3fb878dc83461c86818bf74fc1bdc7f28538ba613cd3e775516ce8b49 [none]
[debug] [2023-02-23T17:19:35.259Z] >>> [apiv2][body] POST https://upload-firebasehosting.googleapis.com/upload/sites/mypotfolio-96612/versions/ec2b5a0fe9e94373/files/bfe106a3fb878dc83461c86818bf74fc1bdc7f28538ba613cd3e775516ce8b49 [stream]
[debug] [2023-02-23T17:19:35.261Z] >>> [apiv2][query] POST https://upload-firebasehosting.googleapis.com/upload/sites/mypotfolio-96612/versions/ec2b5a0fe9e94373/files/2cfe4a75e753fe66d69a87cf5e93abd21a0a4b6edaa7b745fa3ad525f213d271 [none]
[debug] [2023-02-23T17:19:35.261Z] >>> [apiv2][body] POST https://upload-firebasehosting.googleapis.com/upload/sites/mypotfolio-96612/versions/ec2b5a0fe9e94373/files/2cfe4a75e753fe66d69a87cf5e93abd21a0a4b6edaa7b745fa3ad525f213d271 [stream]
[debug] [2023-02-23T17:19:35.263Z] >>> [apiv2][query] POST https://upload-firebasehosting.googleapis.com/upload/sites/mypotfolio-96612/versions/ec2b5a0fe9e94373/files/ee7e2f3fdb8209c4b6fd7bef6ba50d1b9dba30a25bb5c3126df057e1cb6f5331 [none]
[debug] [2023-02-23T17:19:35.263Z] >>> [apiv2][body] POST https://upload-firebasehosting.googleapis.com/upload/sites/mypotfolio-96612/versions/ec2b5a0fe9e94373/files/ee7e2f3fdb8209c4b6fd7bef6ba50d1b9dba30a25bb5c3126df057e1cb6f5331 [stream]
[debug] [2023-02-23T17:19:35.265Z] >>> [apiv2][query] POST https://upload-firebasehosting.googleapis.com/upload/sites/mypotfolio-96612/versions/ec2b5a0fe9e94373/files/3ee59515172ee198f3be375979df15ac5345183e656720a381b8872b2a39dc8b [none]
[debug] [2023-02-23T17:19:35.265Z] >>> [apiv2][body] POST https://upload-firebasehosting.googleapis.com/upload/sites/mypotfolio-96612/versions/ec2b5a0fe9e94373/files/3ee59515172ee198f3be375979df15ac5345183e656720a381b8872b2a39dc8b [stream]
[debug] [2023-02-23T17:19:35.266Z] [hosting][populate queue][FINAL] {"max":2249,"min":2249,"avg":2249,"active":0,"complete":1,"success":1,"errored":0,"retried":0,"total":1,"elapsed":2280}
[debug] [2023-02-23T17:19:35.266Z] [hosting] uploads queued: 13
[debug] [2023-02-23T17:19:37.241Z] <<< [apiv2][status] POST https://upload-firebasehosting.googleapis.com/upload/sites/mypotfolio-96612/versions/ec2b5a0fe9e94373/files/ee7e2f3fdb8209c4b6fd7bef6ba50d1b9dba30a25bb5c3126df057e1cb6f5331 200
[debug] [2023-02-23T17:19:37.242Z] <<< [apiv2][body] POST https://upload-firebasehosting.googleapis.com/upload/sites/mypotfolio-96612/versions/ec2b5a0fe9e94373/files/ee7e2f3fdb8209c4b6fd7bef6ba50d1b9dba30a25bb5c3126df057e1cb6f5331 [stream]
[debug] [2023-02-23T17:19:37.279Z] <<< [apiv2][status] POST https://upload-firebasehosting.googleapis.com/upload/sites/mypotfolio-96612/versions/ec2b5a0fe9e94373/files/aff3449bdc238776f5d6d967f19ec491b36aed5fb7f23ccff6500736fd58494a 200
[debug] [2023-02-23T17:19:37.280Z] <<< [apiv2][body] POST https://upload-firebasehosting.googleapis.com/upload/sites/mypotfolio-96612/versions/ec2b5a0fe9e94373/files/aff3449bdc238776f5d6d967f19ec491b36aed5fb7f23ccff6500736fd58494a [stream]
[debug] [2023-02-23T17:19:37.389Z] <<< [apiv2][status] POST https://upload-firebasehosting.googleapis.com/upload/sites/mypotfolio-96612/versions/ec2b5a0fe9e94373/files/3ee59515172ee198f3be375979df15ac5345183e656720a381b8872b2a39dc8b 200
[debug] [2023-02-23T17:19:37.389Z] <<< [apiv2][body] POST https://upload-firebasehosting.googleapis.com/upload/sites/mypotfolio-96612/versions/ec2b5a0fe9e94373/files/3ee59515172ee198f3be375979df15ac5345183e656720a381b8872b2a39dc8b [stream]
[debug] [2023-02-23T17:19:38.053Z] <<< [apiv2][status] POST https://upload-firebasehosting.googleapis.com/upload/sites/mypotfolio-96612/versions/ec2b5a0fe9e94373/files/f819513020da2b351c0f62a24856c684f03eb17e3519659d5f14062eb2df50e6 200
[debug] [2023-02-23T17:19:38.053Z] <<< [apiv2][body] POST https://upload-firebasehosting.googleapis.com/upload/sites/mypotfolio-96612/versions/ec2b5a0fe9e94373/files/f819513020da2b351c0f62a24856c684f03eb17e3519659d5f14062eb2df50e6 [stream]
[debug] [2023-02-23T17:19:38.056Z] <<< [apiv2][status] POST https://upload-firebasehosting.googleapis.com/upload/sites/mypotfolio-96612/versions/ec2b5a0fe9e94373/files/9967b9c4cde7108e681819a1cc1a3d2718ba823737324fb5943af6d86fcb9612 200
[debug] [2023-02-23T17:19:38.057Z] <<< [apiv2][body] POST https://upload-firebasehosting.googleapis.com/upload/sites/mypotfolio-96612/versions/ec2b5a0fe9e94373/files/9967b9c4cde7108e681819a1cc1a3d2718ba823737324fb5943af6d86fcb9612 [stream]
[debug] [2023-02-23T17:19:38.084Z] <<< [apiv2][status] POST https://upload-firebasehosting.googleapis.com/upload/sites/mypotfolio-96612/versions/ec2b5a0fe9e94373/files/62518cf53568b1dd8238c06115dd8f27db48aac068dc22918b1e3be3ef875323 200
[debug] [2023-02-23T17:19:38.084Z] <<< [apiv2][body] POST https://upload-firebasehosting.googleapis.com/upload/sites/mypotfolio-96612/versions/ec2b5a0fe9e94373/files/62518cf53568b1dd8238c06115dd8f27db48aac068dc22918b1e3be3ef875323 [stream]
[debug] [2023-02-23T17:19:38.429Z] <<< [apiv2][status] POST https://upload-firebasehosting.googleapis.com/upload/sites/mypotfolio-96612/versions/ec2b5a0fe9e94373/files/6dc2ac867d8026fb3d1ea671092247335f88d99326f9687e5e2c8ebff8ed5aca 200
[debug] [2023-02-23T17:19:38.430Z] <<< [apiv2][body] POST https://upload-firebasehosting.googleapis.com/upload/sites/mypotfolio-96612/versions/ec2b5a0fe9e94373/files/6dc2ac867d8026fb3d1ea671092247335f88d99326f9687e5e2c8ebff8ed5aca [stream]
[debug] [2023-02-23T17:19:38.433Z] <<< [apiv2][status] POST https://upload-firebasehosting.googleapis.com/upload/sites/mypotfolio-96612/versions/ec2b5a0fe9e94373/files/559b5f681770903fc3a7ddda3250b51317af4d81516c705b4d41ee54b8a212dc 200
[debug] [2023-02-23T17:19:38.433Z] <<< [apiv2][body] POST https://upload-firebasehosting.googleapis.com/upload/sites/mypotfolio-96612/versions/ec2b5a0fe9e94373/files/559b5f681770903fc3a7ddda3250b51317af4d81516c705b4d41ee54b8a212dc [stream]
[debug] [2023-02-23T17:19:38.610Z] <<< [apiv2][status] POST https://upload-firebasehosting.googleapis.com/upload/sites/mypotfolio-96612/versions/ec2b5a0fe9e94373/files/2cfe4a75e753fe66d69a87cf5e93abd21a0a4b6edaa7b745fa3ad525f213d271 200
[debug] [2023-02-23T17:19:38.611Z] <<< [apiv2][body] POST https://upload-firebasehosting.googleapis.com/upload/sites/mypotfolio-96612/versions/ec2b5a0fe9e94373/files/2cfe4a75e753fe66d69a87cf5e93abd21a0a4b6edaa7b745fa3ad525f213d271 [stream]
[debug] [2023-02-23T17:19:38.755Z] <<< [apiv2][status] POST https://upload-firebasehosting.googleapis.com/upload/sites/mypotfolio-96612/versions/ec2b5a0fe9e94373/files/bfe106a3fb878dc83461c86818bf74fc1bdc7f28538ba613cd3e775516ce8b49 200
[debug] [2023-02-23T17:19:38.755Z] <<< [apiv2][body] POST https://upload-firebasehosting.googleapis.com/upload/sites/mypotfolio-96612/versions/ec2b5a0fe9e94373/files/bfe106a3fb878dc83461c86818bf74fc1bdc7f28538ba613cd3e775516ce8b49 [stream]
[debug] [2023-02-23T17:19:38.786Z] <<< [apiv2][status] POST https://upload-firebasehosting.googleapis.com/upload/sites/mypotfolio-96612/versions/ec2b5a0fe9e94373/files/eae62e993eb980ec8a25058c39d5a51feab118bd2100c4deebb2a9c158ec11f9 200
[debug] [2023-02-23T17:19:38.786Z] <<< [apiv2][body] POST https://upload-firebasehosting.googleapis.com/upload/sites/mypotfolio-96612/versions/ec2b5a0fe9e94373/files/eae62e993eb980ec8a25058c39d5a51feab118bd2100c4deebb2a9c158ec11f9 [stream]
[debug] [2023-02-23T17:19:39.061Z] <<< [apiv2][status] POST https://upload-firebasehosting.googleapis.com/upload/sites/mypotfolio-96612/versions/ec2b5a0fe9e94373/files/1ba0c41883cde30048aa14fb728483de8fe0a85d21d541e5adc589d9550e1de9 200
[debug] [2023-02-23T17:19:39.062Z] <<< [apiv2][body] POST https://upload-firebasehosting.googleapis.com/upload/sites/mypotfolio-96612/versions/ec2b5a0fe9e94373/files/1ba0c41883cde30048aa14fb728483de8fe0a85d21d541e5adc589d9550e1de9 [stream]
[debug] [2023-02-23T17:19:39.328Z] <<< [apiv2][status] POST https://upload-firebasehosting.googleapis.com/upload/sites/mypotfolio-96612/versions/ec2b5a0fe9e94373/files/38423aead7c666c8648c7d6d75d6a983fa34b29af00dacde04d51b41625e8340 200
[debug] [2023-02-23T17:19:39.328Z] <<< [apiv2][body] POST https://upload-firebasehosting.googleapis.com/upload/sites/mypotfolio-96612/versions/ec2b5a0fe9e94373/files/38423aead7c666c8648c7d6d75d6a983fa34b29af00dacde04d51b41625e8340 [stream]
[debug] [2023-02-23T17:19:39.328Z] [hosting][upload queue][FINAL] {"max":4099,"min":2009,"avg":3042.4615384615386,"active":0,"complete":13,"success":13,"errored":0,"retried":0,"total":13,"elapsed":4106}
[info] +  hosting[mypotfolio-96612]: file upload complete 
[debug] [2023-02-23T17:19:39.329Z] [hosting] deploy completed after 6506ms
[debug] [2023-02-23T17:19:39.332Z] [
  {
    "config": {
      "public": "build",
      "ignore": [
        "firebase.json",
        "**/.*",
        "**/node_modules/**"
      ],
      "rewrites": [
        {
          "source": "**",
          "destination": "/index.html"
        }
      ],
      "site": "mypotfolio-96612"
    },
    "version": "projects/54406352173/sites/mypotfolio-96612/versions/ec2b5a0fe9e94373"
  }
]
[info] i  hosting[mypotfolio-96612]: finalizing version... 
[debug] [2023-02-23T17:19:39.335Z] >>> [apiv2][query] PATCH https://firebasehosting.googleapis.com/v1beta1/projects/-/sites/mypotfolio-96612/versions/ec2b5a0fe9e94373 updateMask=status%2Cconfig
[debug] [2023-02-23T17:19:39.335Z] >>> [apiv2][body] PATCH https://firebasehosting.googleapis.com/v1beta1/projects/-/sites/mypotfolio-96612/versions/ec2b5a0fe9e94373 {"status":"FINALIZED","config":{"rewrites":[{"glob":"**","path":"/index.html"}]}}
[debug] [2023-02-23T17:19:42.151Z] <<< [apiv2][status] PATCH https://firebasehosting.googleapis.com/v1beta1/projects/-/sites/mypotfolio-96612/versions/ec2b5a0fe9e94373 200
[debug] [2023-02-23T17:19:42.151Z] <<< [apiv2][body] PATCH https://firebasehosting.googleapis.com/v1beta1/projects/-/sites/mypotfolio-96612/versions/ec2b5a0fe9e94373 {"name":"projects/54406352173/sites/mypotfolio-96612/versions/ec2b5a0fe9e94373","status":"FINALIZED","config":{"rewrites":[{"glob":"**","path":"/index.html"}]},"labels":{"deployment-tool":"cli-firebase"},"createTime":"2023-02-23T18:49:42.904112Z","createUser":{"email":"deveshsen512@gmail.com"},"finalizeTime":"2023-02-23T18:49:56.714011Z","finalizeUser":{"email":"deveshsen512@gmail.com"}}
[debug] [2023-02-23T17:19:42.151Z] [hosting] finalized version for mypotfolio-96612:[object Object]
[info] +  hosting[mypotfolio-96612]: version finalized 
[info] i  hosting[mypotfolio-96612]: releasing new version... 
[debug] [2023-02-23T17:19:42.155Z] >>> [apiv2][query] POST https://firebasehosting.googleapis.com/v1beta1/projects/-/sites/mypotfolio-96612/channels/live/releases versionName=projects%2F54406352173%2Fsites%2Fmypotfolio-96612%2Fversions%2Fec2b5a0fe9e94373
[debug] [2023-02-23T17:19:42.155Z] >>> [apiv2][body] POST https://firebasehosting.googleapis.com/v1beta1/projects/-/sites/mypotfolio-96612/channels/live/releases {}
[debug] [2023-02-23T17:19:43.815Z] <<< [apiv2][status] POST https://firebasehosting.googleapis.com/v1beta1/projects/-/sites/mypotfolio-96612/channels/live/releases 200
[debug] [2023-02-23T17:19:43.816Z] <<< [apiv2][body] POST https://firebasehosting.googleapis.com/v1beta1/projects/-/sites/mypotfolio-96612/channels/live/releases {"name":"projects/54406352173/sites/mypotfolio-96612/channels/live/releases/1677178198361000","version":{"name":"projects/54406352173/sites/mypotfolio-96612/versions/ec2b5a0fe9e94373","status":"FINALIZED","config":{"rewrites":[{"glob":"**","path":"/index.html"}]},"labels":{"deployment-tool":"cli-firebase"},"createTime":"2023-02-23T18:49:42.904112Z","createUser":{"email":"deveshsen512@gmail.com","imageUrl":"https://lh3.googleusercontent.com/a/AGNmyxaNLckF1DOXRPiuHxizi4DFGIURWs9RQ7T8if3A"},"finalizeTime":"2023-02-23T18:49:56.714011Z","finalizeUser":{"email":"deveshsen512@gmail.com","imageUrl":"https://lh3.googleusercontent.com/a/AGNmyxaNLckF1DOXRPiuHxizi4DFGIURWs9RQ7T8if3A"}},"type":"DEPLOY","releaseTime":"2023-02-23T18:49:58.361Z","releaseUser":{"email":"deveshsen512@gmail.com","imageUrl":"https://lh3.googleusercontent.com/a/AGNmyxaNLckF1DOXRPiuHxizi4DFGIURWs9RQ7T8if3A"}}
[debug] [2023-02-23T17:19:43.816Z] [hosting] release: {"name":"projects/54406352173/sites/mypotfolio-96612/channels/live/releases/1677178198361000","version":{"name":"projects/54406352173/sites/mypotfolio-96612/versions/ec2b5a0fe9e94373","status":"FINALIZED","config":{"rewrites":[{"glob":"**","path":"/index.html"}]},"labels":{"deployment-tool":"cli-firebase"},"createTime":"2023-02-23T18:49:42.904112Z","createUser":{"email":"deveshsen512@gmail.com","imageUrl":"https://lh3.googleusercontent.com/a/AGNmyxaNLckF1DOXRPiuHxizi4DFGIURWs9RQ7T8if3A"},"finalizeTime":"2023-02-23T18:49:56.714011Z","finalizeUser":{"email":"deveshsen512@gmail.com","imageUrl":"https://lh3.googleusercontent.com/a/AGNmyxaNLckF1DOXRPiuHxizi4DFGIURWs9RQ7T8if3A"}},"type":"DEPLOY","releaseTime":"2023-02-23T18:49:58.361Z","releaseUser":{"email":"deveshsen512@gmail.com","imageUrl":"https://lh3.googleusercontent.com/a/AGNmyxaNLckF1DOXRPiuHxizi4DFGIURWs9RQ7T8if3A"}}
[info] +  hosting[mypotfolio-96612]: release complete 
[info] 
[info] +  Deploy complete! 
[info] 
[info] Project Console: https://console.firebase.google.com/project/mypotfolio-96612/overview
[info] Hosting URL: https://mypotfolio-96612.web.app
[debug] [2023-02-23T17:19:51.897Z] Error: Timed out.
    at Timeout._onTimeout (C:\Users\Devesh\AppData\Roaming\npm\node_modules\firebase-tools\lib\utils.js:253:49)
    at listOnTimeout (node:internal/timers:569:17)
    at process.processTimers (node:internal/timers:512:7)
[error] 
[error] Error: An unexpected error has occurred.
